running egg_info
creating ../../build/py_rospackage/py_rospackage.egg-info
writing ../../build/py_rospackage/py_rospackage.egg-info/PKG-INFO
writing dependency_links to ../../build/py_rospackage/py_rospackage.egg-info/dependency_links.txt
writing entry points to ../../build/py_rospackage/py_rospackage.egg-info/entry_points.txt
writing requirements to ../../build/py_rospackage/py_rospackage.egg-info/requires.txt
writing top-level names to ../../build/py_rospackage/py_rospackage.egg-info/top_level.txt
writing manifest file '../../build/py_rospackage/py_rospackage.egg-info/SOURCES.txt'
reading manifest file '../../build/py_rospackage/py_rospackage.egg-info/SOURCES.txt'
adding license file 'LICENSE'
writing manifest file '../../build/py_rospackage/py_rospackage.egg-info/SOURCES.txt'
running build
running build_py
creating /home/aaron/team1-rover/ros2_ws/build/py_rospackage/build
creating /home/aaron/team1-rover/ros2_ws/build/py_rospackage/build/lib
creating /home/aaron/team1-rover/ros2_ws/build/py_rospackage/build/lib/py_rospackage
copying py_rospackage/__init__.py -> /home/aaron/team1-rover/ros2_ws/build/py_rospackage/build/lib/py_rospackage
copying py_rospackage/publisher_member_function.py -> /home/aaron/team1-rover/ros2_ws/build/py_rospackage/build/lib/py_rospackage
copying py_rospackage/subscriber_member_function.py -> /home/aaron/team1-rover/ros2_ws/build/py_rospackage/build/lib/py_rospackage
running install
running install_lib
creating /home/aaron/team1-rover/ros2_ws/install/py_rospackage/lib/python3.10/site-packages/py_rospackage
copying /home/aaron/team1-rover/ros2_ws/build/py_rospackage/build/lib/py_rospackage/__init__.py -> /home/aaron/team1-rover/ros2_ws/install/py_rospackage/lib/python3.10/site-packages/py_rospackage
copying /home/aaron/team1-rover/ros2_ws/build/py_rospackage/build/lib/py_rospackage/publisher_member_function.py -> /home/aaron/team1-rover/ros2_ws/install/py_rospackage/lib/python3.10/site-packages/py_rospackage
copying /home/aaron/team1-rover/ros2_ws/build/py_rospackage/build/lib/py_rospackage/subscriber_member_function.py -> /home/aaron/team1-rover/ros2_ws/install/py_rospackage/lib/python3.10/site-packages/py_rospackage
byte-compiling /home/aaron/team1-rover/ros2_ws/install/py_rospackage/lib/python3.10/site-packages/py_rospackage/__init__.py to __init__.cpython-310.pyc
byte-compiling /home/aaron/team1-rover/ros2_ws/install/py_rospackage/lib/python3.10/site-packages/py_rospackage/publisher_member_function.py to publisher_member_function.cpython-310.pyc
byte-compiling /home/aaron/team1-rover/ros2_ws/install/py_rospackage/lib/python3.10/site-packages/py_rospackage/subscriber_member_function.py to subscriber_member_function.cpython-310.pyc
running install_data
creating /home/aaron/team1-rover/ros2_ws/install/py_rospackage/share/ament_index
creating /home/aaron/team1-rover/ros2_ws/install/py_rospackage/share/ament_index/resource_index
creating /home/aaron/team1-rover/ros2_ws/install/py_rospackage/share/ament_index/resource_index/packages
copying resource/py_rospackage -> /home/aaron/team1-rover/ros2_ws/install/py_rospackage/share/ament_index/resource_index/packages
copying package.xml -> /home/aaron/team1-rover/ros2_ws/install/py_rospackage/share/py_rospackage
running install_egg_info
Copying ../../build/py_rospackage/py_rospackage.egg-info to /home/aaron/team1-rover/ros2_ws/install/py_rospackage/lib/python3.10/site-packages/py_rospackage-0.0.0-py3.10.egg-info
running install_scripts
Installing listener script to /home/aaron/team1-rover/ros2_ws/install/py_rospackage/lib/py_rospackage
Installing talker script to /home/aaron/team1-rover/ros2_ws/install/py_rospackage/lib/py_rospackage
writing list of installed files to '/home/aaron/team1-rover/ros2_ws/build/py_rospackage/install.log'
